Using pre-set license
Built from '2021.3/china_unity/release' branch; Version is '2021.3.18f1c1 (93698379025b) revision 9660803'; Using compiler version '192829333'; Build Type 'Release'
OS: 'Windows 11  (10.0.22621) 64bit CoreCountrySpecific' Language: 'zh' Physical Memory: 65154 MB
BatchMode: 1, IsHumanControllingUs: 0, StartBugReporterOnCrash: 0, Is64bit: 1, IsPro: 1

COMMAND LINE ARGUMENTS:
D:\Unity\UnityDifferentVertions\2021.3.18f1c1\Editor\Unity.exe
-adb2
-batchMode
-noUpm
-name
AssetImportWorker0
-projectPath
C:/Users/Zhangzonshuai/Documents/GitHub/LugumDareGameJameTest/unityProject/LudumDareProject
-logFile
Logs/AssetImportWorker0.log
-srvPort
50228
Successfully changed project path to: C:/Users/Zhangzonshuai/Documents/GitHub/LugumDareGameJameTest/unityProject/LudumDareProject
C:/Users/Zhangzonshuai/Documents/GitHub/LugumDareGameJameTest/unityProject/LudumDareProject
[UnityMemory] Configuration Parameters - Can be set up in boot.config
    "memorysetup-bucket-allocator-granularity=16"
    "memorysetup-bucket-allocator-bucket-count=8"
    "memorysetup-bucket-allocator-block-size=33554432"
    "memorysetup-bucket-allocator-block-count=8"
    "memorysetup-main-allocator-block-size=16777216"
    "memorysetup-thread-allocator-block-size=16777216"
    "memorysetup-gfx-main-allocator-block-size=16777216"
    "memorysetup-gfx-thread-allocator-block-size=16777216"
    "memorysetup-cache-allocator-block-size=4194304"
    "memorysetup-typetree-allocator-block-size=2097152"
    "memorysetup-profiler-bucket-allocator-granularity=16"
    "memorysetup-profiler-bucket-allocator-bucket-count=8"
    "memorysetup-profiler-bucket-allocator-block-size=33554432"
    "memorysetup-profiler-bucket-allocator-block-count=8"
    "memorysetup-profiler-allocator-block-size=16777216"
    "memorysetup-profiler-editor-allocator-block-size=1048576"
    "memorysetup-temp-allocator-size-main=16777216"
    "memorysetup-job-temp-allocator-block-size=2097152"
    "memorysetup-job-temp-allocator-block-size-background=1048576"
    "memorysetup-job-temp-allocator-reduction-small-platforms=262144"
    "memorysetup-temp-allocator-size-background-worker=32768"
    "memorysetup-temp-allocator-size-job-worker=262144"
    "memorysetup-temp-allocator-size-preload-manager=33554432"
    "memorysetup-temp-allocator-size-nav-mesh-worker=65536"
    "memorysetup-temp-allocator-size-audio-worker=65536"
    "memorysetup-temp-allocator-size-cloud-worker=32768"
    "memorysetup-temp-allocator-size-gi-baking-worker=262144"
    "memorysetup-temp-allocator-size-gfx=262144"
Player connection [39524] Host "[IP] 172.27.143.135 [Port] 0 [Flags] 2 [Guid] 1881452392 [EditorId] 1881452392 [Version] 1048832 [Id] WindowsEditor(7,Barry) [Debug] 1 [PackageName] WindowsEditor [ProjectName] Editor" joined multi-casting on [225.0.0.222:54997]...

Player connection [39524] Host "[IP] 172.27.143.135 [Port] 0 [Flags] 2 [Guid] 1881452392 [EditorId] 1881452392 [Version] 1048832 [Id] WindowsEditor(7,Barry) [Debug] 1 [PackageName] WindowsEditor [ProjectName] Editor" joined alternative multi-casting on [225.0.0.222:34997]...

AS: AutoStreaming module initializing.
Refreshing native plugins compatible for Editor in 60.99 ms, found 3 plugins.
Preloading 0 native plugins for Editor in 0.00 ms.
Initialize engine version: 2021.3.18f1c1 (93698379025b)
[Subsystems] Discovering subsystems at path D:/Unity/UnityDifferentVertions/2021.3.18f1c1/Editor/Data/Resources/UnitySubsystems
[Subsystems] Discovering subsystems at path C:/Users/Zhangzonshuai/Documents/GitHub/LugumDareGameJameTest/unityProject/LudumDareProject/Assets
GfxDevice: creating device client; threaded=0; jobified=0
Direct3D:
    Version:  Direct3D 11.0 [level 11.1]
    Renderer: NVIDIA GeForce RTX 4080 Laptop GPU (ID=0x27e0)
    Vendor:   NVIDIA
    VRAM:     12011 MB
    Driver:   31.0.15.2866
Initialize mono
Mono path[0] = 'D:/Unity/UnityDifferentVertions/2021.3.18f1c1/Editor/Data/Managed'
Mono path[1] = 'D:/Unity/UnityDifferentVertions/2021.3.18f1c1/Editor/Data/MonoBleedingEdge/lib/mono/unityjit-win32'
Mono config path = 'D:/Unity/UnityDifferentVertions/2021.3.18f1c1/Editor/Data/MonoBleedingEdge/etc'
Using monoOptions --debugger-agent=transport=dt_socket,embedding=1,server=y,suspend=n,address=127.0.0.1:56488
Begin MonoManager ReloadAssembly
Registering precompiled unity dll's ...
Register platform support module: D:/Unity/UnityDifferentVertions/2021.3.18f1c1/Editor/Data/PlaybackEngines/WebGLSupport/UnityEditor.WebGL.Extensions.dll
Register platform support module: D:/Unity/UnityDifferentVertions/2021.3.18f1c1/Editor/Data/PlaybackEngines/WindowsStandaloneSupport/UnityEditor.WindowsStandalone.Extensions.dll
Registered in 0.002894 seconds.
Native extension for WindowsStandalone target not found
Native extension for WebGL target not found
Refreshing native plugins compatible for Editor in 58.29 ms, found 3 plugins.
Preloading 0 native plugins for Editor in 0.00 ms.
Mono: successfully reloaded assembly
- Completed reload, in  0.435 seconds
Domain Reload Profiling:
	ReloadAssembly (435ms)
		BeginReloadAssembly (64ms)
			ExecutionOrderSort (0ms)
			DisableScriptedObjects (0ms)
			BackupInstance (0ms)
			ReleaseScriptingObjects (0ms)
			CreateAndSetChildDomain (0ms)
		EndReloadAssembly (295ms)
			LoadAssemblies (60ms)
			RebuildTransferFunctionScriptingTraits (0ms)
			SetupTypeCache (71ms)
			ReleaseScriptCaches (0ms)
			RebuildScriptCaches (15ms)
			SetupLoadedEditorAssemblies (168ms)
				LogAssemblyErrors (0ms)
				InitializePlatformSupportModulesInManaged (8ms)
				SetLoadedEditorAssemblies (0ms)
				RefreshPlugins (58ms)
				BeforeProcessingInitializeOnLoad (1ms)
				ProcessInitializeOnLoadAttributes (73ms)
				ProcessInitializeOnLoadMethodAttributes (28ms)
				AfterProcessingInitializeOnLoad (0ms)
				EditorAssembliesLoaded (0ms)
			ExecutionOrderSort2 (0ms)
			AwakeInstancesAfterBackupRestoration (0ms)
Platform modules already initialized, skipping
Registering precompiled user dll's ...
Registered in 0.009729 seconds.
Begin MonoManager ReloadAssembly
Symbol file LoadedFromMemory doesn't match image C:\Users\Zhangzonshuai\Documents\GitHub\LugumDareGameJameTest\unityProject\LudumDareProject\Library\PackageCache\com.unity.visualscripting@1.8.0\Editor\VisualScripting.Core\Dependencies\YamlDotNet\Unity.VisualScripting.YamlDotNet.dll
Symbol file LoadedFromMemory doesn't match image C:\Users\Zhangzonshuai\Documents\GitHub\LugumDareGameJameTest\unityProject\LudumDareProject\Library\PackageCache\com.unity.visualscripting@1.8.0\Editor\VisualScripting.Core\Dependencies\DotNetZip\Unity.VisualScripting.IonicZip.dll
Native extension for WindowsStandalone target not found
Native extension for WebGL target not found
Refreshing native plugins compatible for Editor in 54.59 ms, found 3 plugins.
Preloading 0 native plugins for Editor in 0.00 ms.
Mono: successfully reloaded assembly
- Completed reload, in  0.755 seconds
Domain Reload Profiling:
	ReloadAssembly (756ms)
		BeginReloadAssembly (79ms)
			ExecutionOrderSort (0ms)
			DisableScriptedObjects (3ms)
			BackupInstance (0ms)
			ReleaseScriptingObjects (0ms)
			CreateAndSetChildDomain (13ms)
		EndReloadAssembly (594ms)
			LoadAssemblies (72ms)
			RebuildTransferFunctionScriptingTraits (0ms)
			SetupTypeCache (148ms)
			ReleaseScriptCaches (0ms)
			RebuildScriptCaches (34ms)
			SetupLoadedEditorAssemblies (314ms)
				LogAssemblyErrors (0ms)
				InitializePlatformSupportModulesInManaged (3ms)
				SetLoadedEditorAssemblies (0ms)
				RefreshPlugins (55ms)
				BeforeProcessingInitializeOnLoad (66ms)
				ProcessInitializeOnLoadAttributes (137ms)
				ProcessInitializeOnLoadMethodAttributes (44ms)
				AfterProcessingInitializeOnLoad (9ms)
				EditorAssembliesLoaded (0ms)
			ExecutionOrderSort2 (0ms)
			AwakeInstancesAfterBackupRestoration (5ms)
Platform modules already initialized, skipping
========================================================================
Worker process is ready to serve import requests
Launched and connected shader compiler UnityShaderCompiler.exe after 0.06 seconds
Refreshing native plugins compatible for Editor in 0.57 ms, found 3 plugins.
Preloading 0 native plugins for Editor in 0.00 ms.
Unloading 4705 Unused Serialized files (Serialized files now loaded: 0)
Unloading 41 unused Assets / (1.1 MB). Loaded Objects now: 5150.
Memory consumption went from 190.7 MB to 189.6 MB.
Total: 2.435700 ms (FindLiveObjects: 0.193000 ms CreateObjectMapping: 0.061100 ms MarkObjects: 1.889400 ms  DeleteObjects: 0.291500 ms)

AssetImportParameters requested are different than current active one (requested -> active):
  custom:video-decoder-ogg-theora: a1e56fd34408186e4bbccfd4996cb3dc -> 
  custom:container-muxer-webm: aa71ff27fc2769a1b78a27578f13a17b -> 
  custom:container-demuxer-webm: 4f35f7cbe854078d1ac9338744f61a02 -> 
  custom:video-encoder-webm-vp8: eb34c28f22e8b96e1ab97ce403110664 -> 
  custom:video-codec-MediaFoundation-h265: 746d11721c4dcdbdad8f713fa42b33f4 -> 
  custom:audio-encoder-webm-vorbis: bf7c407c2cedff20999df2af8eb42d56 -> 
  custom:framework-win-MediaFoundation: 216162199b28c13a410421893ffa2e32 -> 
  custom:container-demuxer-ogg: 62fdf1f143b41e24485cea50d1cbac27 -> 
  custom:video-decoder-webm-vp8: 9c59270c3fd7afecdb556c50c9e8de78 -> 
  custom:audio-decoder-ogg-vorbis: bf7c407c2cedff20999df2af8eb42d56 -> 
========================================================================
Received Import Request.
  Time since last request: 179285.305509 seconds.
  path: Assets/UniversalRenderPipelineGlobalSettings.asset
  artifactKey: Guid(18dc0cd2c080841dea60987a38ce93fa) Importer(815301076,1909f56bfc062723c751e8b465ee728b)
Start importing Assets/UniversalRenderPipelineGlobalSettings.asset using Guid(18dc0cd2c080841dea60987a38ce93fa) Importer(815301076,1909f56bfc062723c751e8b465ee728b)  -> (artifact id: '2eecc253734895facb66926253515a97') in 0.029420 seconds 
========================================================================
Received Import Request.
  Time since last request: 0.000018 seconds.
  path: Assets/Readme.asset
  artifactKey: Guid(8105016687592461f977c054a80ce2f2) Importer(815301076,1909f56bfc062723c751e8b465ee728b)
Start importing Assets/Readme.asset using Guid(8105016687592461f977c054a80ce2f2) Importer(815301076,1909f56bfc062723c751e8b465ee728b)  -> (artifact id: '0f2f2b655bf21bdea72856b1c39a4a32') in 0.004107 seconds 
========================================================================
Received Import Request.
  Time since last request: 2238.642596 seconds.
  path: Assets/Scenes
  artifactKey: Guid(9c53962885c2c4f449125a979d6ad240) Importer(815301076,1909f56bfc062723c751e8b465ee728b)
Start importing Assets/Scenes using Guid(9c53962885c2c4f449125a979d6ad240) Importer(815301076,1909f56bfc062723c751e8b465ee728b)  -> (artifact id: '7f1480ff4af096e12daf936c2b57b168') in 0.002730 seconds 
========================================================================
Received Import Request.
  Time since last request: 0.736943 seconds.
  path: Assets/Scenes/SampleScene.unity
  artifactKey: Guid(99c9720ab356a0642a771bea13969a05) Importer(815301076,1909f56bfc062723c751e8b465ee728b)
Start importing Assets/Scenes/SampleScene.unity using Guid(99c9720ab356a0642a771bea13969a05) Importer(815301076,1909f56bfc062723c751e8b465ee728b)  -> (artifact id: '900c85dbde05255071306cdd4e1442c5') in 0.001553 seconds 
========================================================================
Received Import Request.
  Time since last request: 14.507923 seconds.
  path: Assets/Scenes/FirstScene.unity
  artifactKey: Guid(99c9720ab356a0642a771bea13969a05) Importer(815301076,1909f56bfc062723c751e8b465ee728b)
Start importing Assets/Scenes/FirstScene.unity using Guid(99c9720ab356a0642a771bea13969a05) Importer(815301076,1909f56bfc062723c751e8b465ee728b)  -> (artifact id: '63eeb59340a126f245ef14038ba60bc5') in 0.001277 seconds 
========================================================================
Received Import Request.
  Time since last request: 95.766350 seconds.
  path: Assets/Plugins
  artifactKey: Guid(08779447a5db04f4cbc1752337aec791) Importer(815301076,1909f56bfc062723c751e8b465ee728b)
Start importing Assets/Plugins using Guid(08779447a5db04f4cbc1752337aec791) Importer(815301076,1909f56bfc062723c751e8b465ee728b)  -> (artifact id: 'be987da5baf0beb3311237dc0d73c704') in 0.001190 seconds 
========================================================================
Received Import Request.
  Time since last request: 0.524918 seconds.
  path: Assets/Plugins/Banana Yellow Games
  artifactKey: Guid(b3e6e445ff0800b438a1676bc389edee) Importer(815301076,1909f56bfc062723c751e8b465ee728b)
Start importing Assets/Plugins/Banana Yellow Games using Guid(b3e6e445ff0800b438a1676bc389edee) Importer(815301076,1909f56bfc062723c751e8b465ee728b)  -> (artifact id: '8ab224cc8b1a3803a0e4fcc33daf4621') in 0.002715 seconds 
========================================================================
Received Import Request.
  Time since last request: 0.647972 seconds.
  path: Assets/Plugins/Banana Yellow Games/Characters
  artifactKey: Guid(81a68b46cc3e00f4fb93b2c8b3d1323d) Importer(815301076,1909f56bfc062723c751e8b465ee728b)
Start importing Assets/Plugins/Banana Yellow Games/Characters using Guid(81a68b46cc3e00f4fb93b2c8b3d1323d) Importer(815301076,1909f56bfc062723c751e8b465ee728b)  -> (artifact id: 'f21b95d9b72f6e2f224c5f74c2c60067') in 0.001110 seconds 
========================================================================
Received Import Request.
  Time since last request: 0.506667 seconds.
  path: Assets/Plugins/Banana Yellow Games/Characters/Banana Man
  artifactKey: Guid(fc0b9dcc7b02fdc4c8be4203cbf9c95a) Importer(815301076,1909f56bfc062723c751e8b465ee728b)
Start importing Assets/Plugins/Banana Yellow Games/Characters/Banana Man using Guid(fc0b9dcc7b02fdc4c8be4203cbf9c95a) Importer(815301076,1909f56bfc062723c751e8b465ee728b)  -> (artifact id: '837918c8f03ab6f1c1652666419e1552') in 0.001405 seconds 
========================================================================
Received Import Request.
  Time since last request: 0.038012 seconds.
  path: Assets/Plugins/Banana Yellow Games/Characters/Banana Man/Banana Man.fbx
  artifactKey: Guid(81bb9eea30387e442899949a80011e55) Importer(815301076,1909f56bfc062723c751e8b465ee728b)
Start importing Assets/Plugins/Banana Yellow Games/Characters/Banana Man/Banana Man.fbx using Guid(81bb9eea30387e442899949a80011e55) Importer(815301076,1909f56bfc062723c751e8b465ee728b)  -> (artifact id: '81c1a0ce48e5ea141e6ac454a45f892c') in 0.734211 seconds 
